2025-02-21 18:27:59,200 - INFO - Output monitor started
2025-02-21 18:27:59,201 - DEBUG - Sending command: setoption name EvalDir value E:/SourceCode/app/yaneuraou\eval
2025-02-21 18:27:59,201 - DEBUG - Sending command: setoption name BookDir value E:/SourceCode/app/yaneuraou\book
2025-02-21 18:27:59,201 - DEBUG - Sending command: usi
2025-02-21 18:27:59,269 - DEBUG - Message added to queue: {'type': 'usiok', 'content': 'usiok'}
2025-02-21 18:27:59,269 - DEBUG - Queue cleared. Retained 0 important messages
2025-02-21 18:27:59,269 - DEBUG - Sending command: isready
2025-02-21 18:27:59,448 - DEBUG - Message added to queue: {'type': 'info', 'content': 'info string Hash table allocation: Windows Large Pages used.'}
2025-02-21 18:27:59,448 - DEBUG - Message added to queue: {'type': 'info', 'content': 'info string EvalDirectory = E:/SourceCode/app/yaneuraou\\eval'}
2025-02-21 18:27:59,448 - DEBUG - Message added to queue: {'type': 'info', 'content': 'info string loading eval file : E:/SourceCode/app/yaneuraou\\eval/nn.bin'}
2025-02-21 18:27:59,731 - DEBUG - Message added to queue: {'type': 'info', 'content': 'info string read book file : E:/SourceCode/app/yaneuraou\\book/standard_book.db'}
2025-02-21 18:27:59,999 - DEBUG - Message added to queue: {'type': 'info', 'content': 'info string read book done. number of positions = 130182'}
2025-02-21 18:28:00,000 - DEBUG - Message added to queue: {'type': 'info', 'content': 'info string USI_Hash : Start clearing with 4 threads , Hash size =  1024[MB]'}
2025-02-21 18:28:00,027 - DEBUG - Message added to queue: {'type': 'info', 'content': 'info string USI_Hash : Finish clearing.'}
2025-02-21 18:28:00,109 - DEBUG - Message added to queue: {'type': 'readyok', 'content': 'readyok'}
2025-02-21 18:28:00,109 - DEBUG - Sending command: setoption name USI_Hash value 4096
2025-02-21 18:28:00,110 - DEBUG - Sending command: setoption name MinimumThinkingTime value 100
2025-02-21 18:28:00,110 - DEBUG - Queue cleared. Retained 0 important messages
2025-02-21 18:28:00,110 - DEBUG - Sending command: isready
2025-02-21 18:28:00,286 - DEBUG - Message added to queue: {'type': 'info', 'content': 'info string USI_Hash : Start clearing with 4 threads , Hash size =  4096[MB]'}
2025-02-21 18:28:00,393 - DEBUG - Message added to queue: {'type': 'info', 'content': 'info string USI_Hash : Finish clearing.'}
2025-02-21 18:28:00,469 - DEBUG - Message added to queue: {'type': 'readyok', 'content': 'readyok'}
2025-02-21 18:28:00,469 - DEBUG - Sending command: usinewgame
2025-02-21 18:28:00,469 - DEBUG - Sending command: position startpos
2025-02-21 18:28:00,469 - DEBUG - Sending command: isready
2025-02-21 18:28:00,647 - DEBUG - Message added to queue: {'type': 'info', 'content': 'info string USI_Hash : Start clearing with 4 threads , Hash size =  4096[MB]'}
2025-02-21 18:28:00,755 - DEBUG - Message added to queue: {'type': 'info', 'content': 'info string USI_Hash : Finish clearing.'}
2025-02-21 18:28:00,828 - DEBUG - Message added to queue: {'type': 'readyok', 'content': 'readyok'}
2025-02-21 18:28:00,829 - INFO - Getting current SFEN for position: position startpos
2025-02-21 18:28:00,829 - DEBUG - Queue cleared. Retained 0 important messages
2025-02-21 18:28:00,829 - DEBUG - Sending command: position startpos
2025-02-21 18:28:00,829 - DEBUG - Queue cleared. Retained 0 important messages
2025-02-21 18:28:00,829 - DEBUG - Sending command: isready
2025-02-21 18:28:01,004 - DEBUG - Message added to queue: {'type': 'info', 'content': 'info string USI_Hash : Start clearing with 4 threads , Hash size =  4096[MB]'}
2025-02-21 18:28:01,110 - DEBUG - Message added to queue: {'type': 'info', 'content': 'info string USI_Hash : Finish clearing.'}
2025-02-21 18:28:01,187 - DEBUG - Message added to queue: {'type': 'readyok', 'content': 'readyok'}
2025-02-21 18:28:01,187 - DEBUG - Sending command: position
2025-02-21 18:28:01,203 - ERROR - Engine process terminated unexpectedly
2025-02-21 18:28:01,204 - INFO - Monitor thread stopped
2025-02-21 18:28:02,261 - WARNING - Timeout waiting for message type: position
2025-02-21 18:28:02,261 - WARNING - Retrying position update (attempt 2)
2025-02-21 18:28:02,370 - ERROR - Engine process has terminated
2025-02-21 18:28:02,371 - WARNING - Retrying position update (attempt 3)
2025-02-21 18:28:02,591 - ERROR - Engine process has terminated
2025-02-21 18:28:02,591 - ERROR - Failed to get current SFEN after all retries
2025-02-21 18:28:02,591 - INFO - Getting best move
2025-02-21 18:28:02,591 - ERROR - Engine process not available
2025-02-21 18:28:02,592 - INFO - Closing engine
2025-02-21 18:28:02,592 - INFO - Output monitor stopped
2025-02-21 18:28:02,592 - ERROR - Engine process has terminated
